<?xml version="1.0" encoding="UTF-8"?>
<testng-results ignored="0" total="11" passed="11" failed="0" skipped="0">
  <reporter-output>
  </reporter-output>
  <suite started-at="2021-09-27T18:25:22 IST" name="Default suite" finished-at="2021-09-27T18:26:19 IST" duration-ms="56963">
    <groups>
    </groups>
    <test started-at="2021-09-27T18:25:22 IST" name="Default test" finished-at="2021-09-27T18:26:19 IST" duration-ms="56963">
      <class name="com.UrbanLadder.runner.Runner">
        <test-method signature="homepage()[pri:1, instance:com.UrbanLadder.runner.Runner@659499f1]" started-at="2021-09-27T18:25:22 IST" name="homepage" finished-at="2021-09-27T18:25:35 IST" duration-ms="12063" status="PASS">
          <reporter-output>
          </reporter-output>
        </test-method> <!-- homepage -->
        <test-method signature="search()[pri:2, instance:com.UrbanLadder.runner.Runner@659499f1]" started-at="2021-09-27T18:25:35 IST" name="search" finished-at="2021-09-27T18:25:46 IST" duration-ms="11891" status="PASS">
          <reporter-output>
          </reporter-output>
        </test-method> <!-- search -->
        <test-method signature="UrbanLadder_ListOfProduct()[pri:3, instance:com.UrbanLadder.runner.Runner@659499f1]" started-at="2021-09-27T18:25:46 IST" name="UrbanLadder_ListOfProduct" finished-at="2021-09-27T18:25:48 IST" duration-ms="1156" status="PASS">
          <reporter-output>
          </reporter-output>
        </test-method> <!-- UrbanLadder_ListOfProduct -->
        <test-method signature="SelectStudyTable()[pri:4, instance:com.UrbanLadder.runner.Runner@659499f1]" started-at="2021-09-27T18:25:48 IST" name="SelectStudyTable" finished-at="2021-09-27T18:25:49 IST" duration-ms="1609" status="PASS">
          <reporter-output>
          </reporter-output>
        </test-method> <!-- SelectStudyTable -->
        <test-method signature="InStock()[pri:5, instance:com.UrbanLadder.runner.Runner@659499f1]" started-at="2021-09-27T18:25:49 IST" name="InStock" finished-at="2021-09-27T18:25:54 IST" duration-ms="4347" status="PASS">
          <reporter-output>
          </reporter-output>
        </test-method> <!-- InStock -->
        <test-method signature="SortResult()[pri:6, instance:com.UrbanLadder.runner.Runner@659499f1]" started-at="2021-09-27T18:25:54 IST" name="SortResult" finished-at="2021-09-27T18:26:01 IST" duration-ms="7738" status="PASS">
          <reporter-output>
          </reporter-output>
        </test-method> <!-- SortResult -->
        <test-method signature="selectProduct()[pri:7, instance:com.UrbanLadder.runner.Runner@659499f1]" started-at="2021-09-27T18:26:01 IST" name="selectProduct" finished-at="2021-09-27T18:26:04 IST" duration-ms="2323" status="PASS">
          <reporter-output>
          </reporter-output>
        </test-method> <!-- selectProduct -->
        <test-method signature="SaleAvailability()[pri:8, instance:com.UrbanLadder.runner.Runner@659499f1]" started-at="2021-09-27T18:26:04 IST" name="SaleAvailability" finished-at="2021-09-27T18:26:12 IST" duration-ms="7961" status="PASS">
          <reporter-output>
          </reporter-output>
        </test-method> <!-- SaleAvailability -->
        <test-method signature="EMIcheck()[pri:9, instance:com.UrbanLadder.runner.Runner@659499f1]" started-at="2021-09-27T18:26:12 IST" name="EMIcheck" finished-at="2021-09-27T18:26:12 IST" duration-ms="45" status="PASS">
          <reporter-output>
          </reporter-output>
        </test-method> <!-- EMIcheck -->
        <test-method signature="addtocart()[pri:10, instance:com.UrbanLadder.runner.Runner@659499f1]" started-at="2021-09-27T18:26:12 IST" name="addtocart" finished-at="2021-09-27T18:26:15 IST" duration-ms="3144" status="PASS">
          <reporter-output>
          </reporter-output>
        </test-method> <!-- addtocart -->
        <test-method signature="checkaddtocart()[pri:11, instance:com.UrbanLadder.runner.Runner@659499f1]" started-at="2021-09-27T18:26:15 IST" name="checkaddtocart" finished-at="2021-09-27T18:26:19 IST" duration-ms="4633" status="PASS">
          <reporter-output>
          </reporter-output>
        </test-method> <!-- checkaddtocart -->
      </class> <!-- com.UrbanLadder.runner.Runner -->
    </test> <!-- Default test -->
  </suite> <!-- Default suite -->
</testng-results>
