<?xml version="1.0" encoding="UTF-8"?>
<!-- Generated by org.testng.reporters.JUnitXMLReporter -->
<testsuite ignored="0" hostname="DESKTOP-N8RKOOP" failures="0" tests="11" name="Default test" time="56.963" errors="0" timestamp="2021-09-27T18:26:21 IST">
  <testcase classname="com.UrbanLadder.runner.Runner" name="homepage" time="12.063"/>
  <testcase classname="com.UrbanLadder.runner.Runner" name="search" time="11.891"/>
  <testcase classname="com.UrbanLadder.runner.Runner" name="UrbanLadder_ListOfProduct" time="1.156"/>
  <testcase classname="com.UrbanLadder.runner.Runner" name="SelectStudyTable" time="1.609"/>
  <testcase classname="com.UrbanLadder.runner.Runner" name="InStock" time="4.347"/>
  <testcase classname="com.UrbanLadder.runner.Runner" name="SortResult" time="7.738"/>
  <testcase classname="com.UrbanLadder.runner.Runner" name="selectProduct" time="2.323"/>
  <testcase classname="com.UrbanLadder.runner.Runner" name="SaleAvailability" time="7.961"/>
  <testcase classname="com.UrbanLadder.runner.Runner" name="EMIcheck" time="0.045"/>
  <testcase classname="com.UrbanLadder.runner.Runner" name="addtocart" time="3.144"/>
  <testcase classname="com.UrbanLadder.runner.Runner" name="checkaddtocart" time="4.633"/>
</testsuite> <!-- Default test -->
